PRINT   : [order]2025/10/13 10:23:16.707401 process mode : debug
PRINT   : [order]2025/10/13 10:23:16.707443 남은 인자들:
%!(EXTRA []string=[])
PRINT   : [order]2025/10/13 10:23:16.709325 [server]initSignal...
PRINT   : [order]2025/10/13 10:23:16.709957 init state : true
PRINT   : [order]2025/10/13 10:23:16.710137 [server]sigHandler
PRINT   : [order]2025/10/13 10:23:16.711117 Start API server.. #1
PRINT   : [order]2025/10/13 10:23:16.711217 Gin server start.
PRINT   : [order]2025/10/13 10:24:36.611633 authMiddleware...
ERROR  : [order]2025/10/13 10:24:36.614104 CancelOrder error. Error 1064 (42000): You have an error in your SQL syntax; check the manual that corresponds to your MariaDB server version for the right syntax to use near 'RETURNING ORDER_ID, USER_NM, STATE, ORDER_DT, TOT_AMOUNT' at line 1
PRINT   : [order]2025/10/13 10:25:23.231174 [server] Accept Signal : 2
PRINT   : [order]2025/10/13 10:25:23.231215 [server]SIGINT(2)

PRINT   : [order]2025/10/13 10:25:23.231225 [server]shudownApp..
PRINT   : [order]2025/10/13 10:25:23.231234 Shutdown Rest server#1
PRINT   : [order]2025/10/13 10:25:23.231488 Shutdown Rest server#2
PRINT   : [order]2025/10/13 10:25:23.734862 Quit order service .. 
PRINT   : [order]2025/10/13 10:25:32.781915 process mode : debug
PRINT   : [order]2025/10/13 10:25:32.781956 남은 인자들:
%!(EXTRA []string=[])
PRINT   : [order]2025/10/13 10:25:32.783180 [server]initSignal...
PRINT   : [order]2025/10/13 10:25:32.783725 init state : true
PRINT   : [order]2025/10/13 10:25:32.784012 [server]sigHandler
PRINT   : [order]2025/10/13 10:25:32.786361 Start API server.. #1
PRINT   : [order]2025/10/13 10:25:32.786564 Gin server start.
PRINT   : [order]2025/10/13 10:25:59.088796 authMiddleware...
PRINT   : [order]2025/10/13 10:26:41.720832 authMiddleware...
